<?xml version="1.0" encoding="UTF-8"?>
<!-- Generated by org.testng.reporters.JUnitXMLReporter -->
<testsuite ignored="0" hostname="DESKTOP-Q650G9Q" failures="0" tests="6" name="Default test" time="0.059" errors="0" timestamp="2025-08-15T22:45:00 IST">
  <testcase classname="ui.DataProviders" name="Test1" time="0.007"/>
  <testcase classname="ui.DataProviders" name="Test1" time="0.001"/>
  <testcase classname="ui.DataProviders" name="Test1" time="0.001"/>
  <testcase classname="ui.DataProviders" name="Test2" time="0.003"/>
  <testcase classname="ui.DataProviders" name="Test2" time="0.001"/>
  <testcase classname="ui.DataProviders" name="Test2" time="0.0"/>
</testsuite> <!-- Default test -->
