<?xml version="1.0" encoding="UTF-8"?>
<!-- Generated by org.testng.reporters.JUnitXMLReporter -->
<testsuite ignored="1" hostname="DESKTOP-Q650G9Q" failures="0" tests="2" name="GRP-regression" time="0.044" errors="0" timestamp="2025-08-13T23:11:29 IST">
  <testcase classname="ui.HomePage" name="search" time="0.009"/>
  <testcase classname="ui.HomePage" name="addToCart" time="0.001"/>
  <testcase classname="ui.HomePage" name="login" time="0.0">
    <ignored/>
  </testcase> <!-- login -->
</testsuite> <!-- GRP-regression -->
