<?xml version="1.0" encoding="UTF-8"?>
<!-- Generated by org.testng.reporters.JUnitXMLReporter -->
<testsuite ignored="5" hostname="DESKTOP-Q650G9Q" failures="0" tests="4" name="Regression" time="0.047" errors="0" timestamp="2025-08-13T23:30:07 IST">
  <testcase classname="ui.HomePage" name="search" time="0.008"/>
  <testcase classname="ui.HomePage" name="addToCart" time="0.001"/>
  <testcase classname="ui.AccountPage" name="editAccount" time="0.001"/>
  <testcase classname="ui.AccountPage" name="addAddress" time="0.001"/>
  <testcase classname="ui.HomePage" name="login" time="0.0">
    <ignored/>
  </testcase> <!-- login -->
  <testcase classname="ui.OrderPage" name="currentOrder" time="0.0">
    <ignored/>
  </testcase> <!-- currentOrder -->
  <testcase classname="ui.OrderPage" name="pastOrder" time="0.0">
    <ignored/>
  </testcase> <!-- pastOrder -->
  <testcase classname="ui.OrderPage" name="returnOrder" time="0.0">
    <ignored/>
  </testcase> <!-- returnOrder -->
  <testcase classname="ui.AccountPage" name="removeFavourite" time="0.0">
    <ignored/>
  </testcase> <!-- removeFavourite -->
</testsuite> <!-- Regression -->
