<?xml version="1.0" encoding="UTF-8"?>
<!-- Generated by org.testng.reporters.JUnitXMLReporter -->
<testsuite ignored="3" hostname="DESKTOP-Q650G9Q" failures="0" tests="6" name="Test" time="0.053" errors="0" timestamp="2025-08-13T23:25:12 IST">
  <testcase classname="ui.HomePage" name="search" time="0.01"/>
  <testcase classname="ui.HomePage" name="addToCart" time="0.001"/>
  <testcase classname="ui.OrderPage" name="currentOrder" time="0.001"/>
  <testcase classname="ui.OrderPage" name="pastOrder" time="0.001"/>
  <testcase classname="ui.OrderPage" name="returnOrder" time="0.001"/>
  <testcase classname="ui.AccountPage" name="removeFavourite" time="0.0"/>
  <testcase classname="ui.AccountPage" name="editAccount" time="0.0">
    <ignored/>
  </testcase> <!-- editAccount -->
  <testcase classname="ui.HomePage" name="login" time="0.0">
    <ignored/>
  </testcase> <!-- login -->
  <testcase classname="ui.AccountPage" name="addAddress" time="0.0">
    <ignored/>
  </testcase> <!-- addAddress -->
</testsuite> <!-- Test -->
