<?xml version="1.0" encoding="UTF-8"?>
<!-- Generated by org.testng.reporters.JUnitXMLReporter -->
<testsuite ignored="0" hostname="DESKTOP-Q650G9Q" failures="1" tests="4" name="Test" time="4.077" errors="0" timestamp="2025-08-19T22:56:44 IST">
  <testcase classname="regression.SystemTest" name="login" time="0.725">
    <skipped/>
  </testcase> <!-- login -->
  <testcase classname="regression.SystemTest" name="login" time="0.632">
    <skipped/>
  </testcase> <!-- login -->
  <testcase classname="regression.SystemTest" name="login" time="0.576">
    <skipped/>
  </testcase> <!-- login -->
  <testcase classname="regression.SystemTest" name="login" time="0.609">
    <failure type="java.lang.AssertionError" message="expected [true] but found [false]">
      <![CDATA[java.lang.AssertionError: expected [true] but found [false]
at regression.SystemTest.login(SystemTest.java:11)
at java.base/java.util.ArrayList.forEach(ArrayList.java:1596)
... Removed 32 stack frames]]>
    </failure>
  </testcase> <!-- login -->
</testsuite> <!-- Test -->
