<?xml version="1.0" encoding="UTF-8"?>
<!-- Generated by org.testng.reporters.JUnitXMLReporter -->
<testsuite ignored="2" hostname="DESKTOP-Q650G9Q" failures="0" tests="7" name="Test" time="0.054" errors="0" timestamp="2025-08-13T23:30:19 IST">
  <testcase classname="ui.HomePage" name="login" time="0.007"/>
  <testcase classname="ui.HomePage" name="search" time="0.002"/>
  <testcase classname="ui.HomePage" name="addToCart" time="0.001"/>
  <testcase classname="ui.OrderPage" name="currentOrder" time="0.001"/>
  <testcase classname="ui.OrderPage" name="pastOrder" time="0.001"/>
  <testcase classname="ui.OrderPage" name="returnOrder" time="0.001"/>
  <testcase classname="ui.AccountPage" name="removeFavourite" time="0.001"/>
  <testcase classname="ui.AccountPage" name="editAccount" time="0.0">
    <ignored/>
  </testcase> <!-- editAccount -->
  <testcase classname="ui.AccountPage" name="addAddress" time="0.0">
    <ignored/>
  </testcase> <!-- addAddress -->
</testsuite> <!-- Test -->
