<?xml version="1.0" encoding="UTF-8"?>
<testng-results ignored="0" total="6" passed="6" failed="0" skipped="0">
  <reporter-output>
  </reporter-output>
  <suite started-at="2025-08-15T22:45:00 IST" name="Default suite" finished-at="2025-08-15T22:45:00 IST" duration-ms="59">
    <groups>
    </groups>
    <test started-at="2025-08-15T22:45:00 IST" name="Default test" finished-at="2025-08-15T22:45:00 IST" duration-ms="59">
      <class name="ui.DataProviders">
        <test-method signature="Test1(java.lang.String,java.lang.String)[pri:0, instance:ui.DataProviders@618b19ad]" started-at="2025-08-15T22:45:00 IST" name="Test1" data-provider="login" finished-at="2025-08-15T22:45:00 IST" duration-ms="7" status="PASS">
          <params>
            <param index="0">
              <value>
                <![CDATA[user1]]>
              </value>
            </param>
            <param index="1">
              <value>
                <![CDATA[pass1]]>
              </value>
            </param>
          </params>
          <reporter-output>
          </reporter-output>
        </test-method> <!-- Test1 -->
        <test-method signature="Test1(java.lang.String,java.lang.String)[pri:0, instance:ui.DataProviders@618b19ad]" started-at="2025-08-15T22:45:00 IST" name="Test1" data-provider="login" finished-at="2025-08-15T22:45:00 IST" duration-ms="1" status="PASS">
          <params>
            <param index="0">
              <value>
                <![CDATA[user2]]>
              </value>
            </param>
            <param index="1">
              <value>
                <![CDATA[pass2]]>
              </value>
            </param>
          </params>
          <reporter-output>
          </reporter-output>
        </test-method> <!-- Test1 -->
        <test-method signature="Test1(java.lang.String,java.lang.String)[pri:0, instance:ui.DataProviders@618b19ad]" started-at="2025-08-15T22:45:00 IST" name="Test1" data-provider="login" finished-at="2025-08-15T22:45:00 IST" duration-ms="1" status="PASS">
          <params>
            <param index="0">
              <value>
                <![CDATA[user3]]>
              </value>
            </param>
            <param index="1">
              <value>
                <![CDATA[pass3]]>
              </value>
            </param>
          </params>
          <reporter-output>
          </reporter-output>
        </test-method> <!-- Test1 -->
        <test-method signature="Test2(java.lang.String,java.lang.String,java.lang.String)[pri:0, instance:ui.DataProviders@618b19ad]" started-at="2025-08-15T22:45:00 IST" name="Test2" data-provider="login" finished-at="2025-08-15T22:45:00 IST" duration-ms="3" status="PASS">
          <params>
            <param index="0">
              <value>
                <![CDATA[user4]]>
              </value>
            </param>
            <param index="1">
              <value>
                <![CDATA[pass4]]>
              </value>
            </param>
            <param index="2">
              <value>
                <![CDATA[email4]]>
              </value>
            </param>
          </params>
          <reporter-output>
          </reporter-output>
        </test-method> <!-- Test2 -->
        <test-method signature="Test2(java.lang.String,java.lang.String,java.lang.String)[pri:0, instance:ui.DataProviders@618b19ad]" started-at="2025-08-15T22:45:00 IST" name="Test2" data-provider="login" finished-at="2025-08-15T22:45:00 IST" duration-ms="1" status="PASS">
          <params>
            <param index="0">
              <value>
                <![CDATA[user5]]>
              </value>
            </param>
            <param index="1">
              <value>
                <![CDATA[pass5]]>
              </value>
            </param>
            <param index="2">
              <value>
                <![CDATA[email5]]>
              </value>
            </param>
          </params>
          <reporter-output>
          </reporter-output>
        </test-method> <!-- Test2 -->
        <test-method signature="Test2(java.lang.String,java.lang.String,java.lang.String)[pri:0, instance:ui.DataProviders@618b19ad]" started-at="2025-08-15T22:45:00 IST" name="Test2" data-provider="login" finished-at="2025-08-15T22:45:00 IST" duration-ms="0" status="PASS">
          <params>
            <param index="0">
              <value>
                <![CDATA[user6]]>
              </value>
            </param>
            <param index="1">
              <value>
                <![CDATA[pass6]]>
              </value>
            </param>
            <param index="2">
              <value>
                <![CDATA[email6]]>
              </value>
            </param>
          </params>
          <reporter-output>
          </reporter-output>
        </test-method> <!-- Test2 -->
      </class> <!-- ui.DataProviders -->
    </test> <!-- Default test -->
  </suite> <!-- Default suite -->
</testng-results>
